<?xml version="1.0" encoding="UTF-8"?>
<!-- Generated by org.testng.reporters.JUnitXMLReporter -->
<testsuite hostname="DELL-PC" ignored="0" name="Test" tests="3" failures="0" timestamp="05 Jun 2022 07:02:50 GMT" time="125.485" errors="0">
  <testcase name="testValidLogin" time="16.781" classname="script.ValidLogin_Test"/>
  <testcase name="testInvalidLogin" time="37.477" classname="script.InvalidLogin_Test"/>
  <testcase name="testProductVerson" time="17.147" classname="script.VerifyProductVersion_Test"/>
</testsuite> <!-- Test -->
