<?xml version="1.0" encoding="UTF-8"?>
<testng-results skipped="0" failed="0" ignored="0" total="1" passed="1">
  <reporter-output>
    <line>
      <![CDATA[testInvalidLogin is PASSED]]>
    </line>
  </reporter-output>
  <suite name="Default suite" duration-ms="66993" started-at="2022-05-31T04:38:11Z" finished-at="2022-05-31T04:39:18Z">
    <groups>
      <group name="login">
        <method signature="InvalidLogin_Test.testInvalidLogin()[pri:2, instance:script.InvalidLogin_Test@1e397ed7]" name="testInvalidLogin" class="script.InvalidLogin_Test"/>
      </group> <!-- login -->
    </groups>
    <test name="Default test" duration-ms="66993" started-at="2022-05-31T04:38:11Z" finished-at="2022-05-31T04:39:18Z">
      <class name="script.InvalidLogin_Test">
        <test-method status="PASS" signature="openApp()[pri:0, instance:script.InvalidLogin_Test@1e397ed7]" name="openApp" is-config="true" duration-ms="27592" started-at="2022-05-31T10:08:11Z" finished-at="2022-05-31T10:08:39Z">
          <reporter-output>
          </reporter-output>
        </test-method> <!-- openApp -->
        <test-method status="PASS" signature="testInvalidLogin()[pri:2, instance:script.InvalidLogin_Test@1e397ed7]" name="testInvalidLogin" duration-ms="38315" started-at="2022-05-31T10:08:39Z" finished-at="2022-05-31T10:09:17Z">
          <reporter-output>
          </reporter-output>
        </test-method> <!-- testInvalidLogin -->
        <test-method status="PASS" signature="closeApp(org.testng.ITestResult)[pri:0, instance:script.InvalidLogin_Test@1e397ed7]" name="closeApp" is-config="true" duration-ms="1015" started-at="2022-05-31T10:09:17Z" finished-at="2022-05-31T10:09:18Z">
          <params>
            <param index="0">
              <value>
                <![CDATA[[TestResult name=testInvalidLogin status=SUCCESS method=InvalidLogin_Test.testInvalidLogin()[pri:2, instance:script.InvalidLogin_Test@1e397ed7] output={null}]]]>
              </value>
            </param>
          </params>
          <reporter-output>
            <line>
              <![CDATA[testInvalidLogin is PASSED]]>
            </line>
          </reporter-output>
        </test-method> <!-- closeApp -->
      </class> <!-- script.InvalidLogin_Test -->
    </test> <!-- Default test -->
  </suite> <!-- Default suite -->
</testng-results>
